<?xml version="1.0" encoding="UTF-8"?>
<testsuite xmlns:xsi="http://www.w3.org/2001/XMLSchema-instance" xsi:noNamespaceSchemaLocation="https://maven.apache.org/surefire/maven-surefire-plugin/xsd/surefire-test-report.xsd" name="com.mindtree.simple_CI_pipeline.AppTest" time="0.038" tests="2" errors="0" skipped="0" failures="0">
  <properties>
[...]
</properties>
  <testcase name="testAdd" classname="com.mindtree.simple_CI_pipeline.AppTest" time="0.001"/>
  <testcase name="testSubtract" classname="com.mindtree.simple_CI_pipeline.AppTest" time="0"/>
</testsuite>